{"time":"2025-11-27T14:18:51.231Z","id":"4NU59480WT806690Y","total":365.4}
{"time":"2025-11-27T14:53:20.670Z","id":"09429320WH5665050","total":365.4}
{"time":"2025-11-27T16:10:57.645Z","id":"0BA52318MT339815R","total":365.4}
{"time":"2025-11-27T16:13:34.824Z","id":"0N041626Y3792013C","total":365.4}
{"time":"2025-11-27T16:20:54.155Z","id":"3UN704000D407560G","total":365.4}
{"time":"2025-11-27T16:22:56.472Z","id":"9LP54099UY181530S","total":365.4}
{"time":"2025-11-27T16:26:47.026Z","id":"5YY55290W6320635P","total":365.4}
{"time":"2025-11-27T16:31:32.977Z","id":"3DB63318K4110411J","total":365.4}
{"time":"2025-11-27T16:33:55.636Z","id":"03W95137U84443246","total":365.4}
{"time":"2025-11-27T16:34:03.695Z","id":"0N102865NR085914A","total":365.4}
{"time":"2025-11-27T16:48:07.235Z","id":"77F3064965066974X","total":40.6}
{"time":"2025-11-27T16:48:46.787Z","id":"6P409077JA9233508","total":40.6}
{"time":"2025-11-27T16:53:48.473Z","id":"3PN13579C7191250P","total":365.4}
{"time":"2025-11-27T17:01:26.708Z","id":"062599669W635290S","total":365.4}
{"time":"2025-11-27T21:49:10.378Z","id":"4V3948254M3569240","total":365.4}
{"time":"2025-11-27T21:52:10.194Z","id":"8K856694C5776190F","total":365.4}
{"time":"2025-11-27T21:52:13.288Z","id":"7YV98162S66443814","total":365.4}
{"time":"2025-11-27T21:55:48.104Z","id":"95R55632M08555103","total":365.4}
{"time":"2025-11-27T21:58:48.160Z","id":"61505574D00355029","total":365.4}
{"time":"2025-11-27T22:07:40.520Z","id":"99U37397CF971121E","total":365.4}
{"time":"2025-11-27T22:13:14.046Z","id":"5PW02555MW671052D","total":290}
{"time":"2025-11-27T22:18:24.632Z","id":"7BN79841J0311680M","total":290}
{"time":"2025-11-27T23:19:29.859Z","id":"8X043365LV818523T","total":365.4}
{"time":"2025-11-27T23:27:33.573Z","id":"2PU33273AH472202C","total":365.4}
{"time":"2025-11-27T23:37:09.180Z","id":"43A655603K2544100","total":365.4}
{"time":"2025-11-27T23:43:01.749Z","id":"5YH8892483954331A","total":464}
{"time":"2025-11-27T23:50:02.735Z","id":"9B8356885L720234A","total":100}
{"time":"2025-11-27T23:58:44.259Z","id":"2SB36592KL241105L","total":371.2}
{"time":"2025-11-28T00:04:37.193Z","id":"33U816146T8314242","total":46.4}
{"time":"2025-11-28T00:13:06.780Z","id":"0DN28627ST9956048","total":371.2,"status":"CREATED"}
{"time":"2025-11-28T00:13:59.988Z","id":"7JA16326EK1445256","total":371.2,"status":"CREATED"}
{"time":"2025-11-28T00:52:38.852Z","id":"34M50628JE901544S","total":371.2,"status":"CREATED"}
{"time":"2025-11-28T04:21:33.176Z","id":"5SB393854V445724L","total":464,"status":"CREATED"}
{"time":"2025-11-28T04:41:19.540Z","id":"6L524736S15555540","total":46.4,"status":"CREATED"}
